2018/12/15 14:11:28 [crit] 6#6: *1 realpath() "/var/www/html/symfony/web" failed (2: No such file or directory), client: 172.18.0.1, server: _, request: "GET / HTTP/1.1", host: "localhost:81"
2018/12/15 14:11:28 [crit] 6#6: *2 realpath() "/var/www/html/symfony/web" failed (2: No such file or directory), client: 172.18.0.1, server: _, request: "GET /robots.txt HTTP/1.1", host: "localhost:81"
2018/12/15 14:11:28 [error] 6#6: *2 FastCGI sent in stderr: "Primary script unknown" while reading response header from upstream, client: 172.18.0.1, server: _, request: "GET /robots.txt HTTP/1.1", upstream: "fastcgi://172.18.0.3:9000", host: "localhost:81"
2018/12/15 14:11:28 [error] 6#6: *1 FastCGI sent in stderr: "Primary script unknown" while reading response header from upstream, client: 172.18.0.1, server: _, request: "GET / HTTP/1.1", upstream: "fastcgi://172.18.0.3:9000", host: "localhost:81"
2018/12/15 14:11:32 [crit] 6#6: *1 realpath() "/var/www/html/symfony/web" failed (2: No such file or directory), client: 172.18.0.1, server: _, request: "GET /favicon.ico HTTP/1.1", host: "localhost:81", referrer: "http://localhost:81/"
2018/12/15 14:11:32 [error] 6#6: *1 FastCGI sent in stderr: "Primary script unknown" while reading response header from upstream, client: 172.18.0.1, server: _, request: "GET /favicon.ico HTTP/1.1", upstream: "fastcgi://172.18.0.3:9000", host: "localhost:81", referrer: "http://localhost:81/"
2018/12/15 14:21:34 [crit] 6#6: *6 realpath() "/var/www/html/symfony/web" failed (2: No such file or directory), client: 172.18.0.1, server: _, request: "GET / HTTP/1.1", host: "localhost:81"
2018/12/15 14:21:34 [error] 6#6: *6 FastCGI sent in stderr: "Primary script unknown" while reading response header from upstream, client: 172.18.0.1, server: _, request: "GET / HTTP/1.1", upstream: "fastcgi://172.18.0.3:9000", host: "localhost:81"
2018/12/15 14:23:04 [crit] 6#6: *9 realpath() "/var/www/html/symfony/web" failed (2: No such file or directory), client: 172.18.0.1, server: _, request: "GET / HTTP/1.1", host: "localhost:81"
2018/12/15 14:23:04 [error] 6#6: *9 FastCGI sent in stderr: "Primary script unknown" while reading response header from upstream, client: 172.18.0.1, server: _, request: "GET / HTTP/1.1", upstream: "fastcgi://172.18.0.3:9000", host: "localhost:81"
2018/12/15 14:25:59 [crit] 6#6: *12 realpath() "/var/www/html/symfony/web" failed (2: No such file or directory), client: 172.18.0.1, server: _, request: "GET / HTTP/1.1", host: "localhost:81"
2018/12/15 14:25:59 [error] 6#6: *12 FastCGI sent in stderr: "Primary script unknown" while reading response header from upstream, client: 172.18.0.1, server: _, request: "GET / HTTP/1.1", upstream: "fastcgi://172.18.0.3:9000", host: "localhost:81"
2018/12/15 14:28:26 [crit] 6#6: *16 realpath() "/var/www/html/symfony/web" failed (2: No such file or directory), client: 172.18.0.1, server: _, request: "GET / HTTP/1.1", host: "localhost:81"
2018/12/15 14:28:26 [error] 6#6: *16 FastCGI sent in stderr: "Primary script unknown" while reading response header from upstream, client: 172.18.0.1, server: _, request: "GET / HTTP/1.1", upstream: "fastcgi://172.18.0.3:9000", host: "localhost:81"
2018/12/16 07:22:18 [emerg] 1#1: host not found in upstream "php" in /etc/nginx/sites-enabled/default_symfony:13
2018/12/16 07:22:20 [emerg] 1#1: host not found in upstream "php" in /etc/nginx/sites-enabled/default_symfony:13
2018/12/16 07:22:23 [emerg] 1#1: host not found in upstream "php" in /etc/nginx/sites-enabled/default_symfony:13
2018/12/16 07:22:25 [emerg] 1#1: host not found in upstream "php" in /etc/nginx/sites-enabled/default_symfony:13
2018/12/16 07:22:28 [emerg] 1#1: host not found in upstream "php" in /etc/nginx/sites-enabled/default_symfony:13
2018/12/16 07:22:32 [emerg] 1#1: host not found in upstream "php" in /etc/nginx/sites-enabled/default_symfony:13
2018/12/16 07:22:37 [emerg] 1#1: host not found in upstream "php" in /etc/nginx/sites-enabled/default_symfony:13
2018/12/16 07:22:45 [emerg] 1#1: host not found in upstream "php" in /etc/nginx/sites-enabled/default_symfony:13
2018/12/16 07:23:01 [emerg] 1#1: host not found in upstream "php" in /etc/nginx/sites-enabled/default_symfony:13
2018/12/16 07:23:27 [emerg] 1#1: host not found in upstream "php" in /etc/nginx/sites-enabled/default_symfony:13
2018/12/16 07:24:20 [emerg] 1#1: host not found in upstream "php" in /etc/nginx/sites-enabled/default_symfony:13
2018/12/16 07:25:20 [emerg] 1#1: host not found in upstream "php" in /etc/nginx/sites-enabled/default_symfony:13
2018/12/16 07:26:21 [emerg] 1#1: host not found in upstream "php" in /etc/nginx/sites-enabled/default_symfony:13
2018/12/16 07:27:22 [emerg] 1#1: host not found in upstream "php" in /etc/nginx/sites-enabled/default_symfony:13
2018/12/16 07:28:23 [emerg] 1#1: host not found in upstream "php" in /etc/nginx/sites-enabled/default_symfony:13
2018/12/16 07:29:24 [emerg] 1#1: host not found in upstream "php" in /etc/nginx/sites-enabled/default_symfony:13
2018/12/16 07:30:24 [emerg] 1#1: host not found in upstream "php" in /etc/nginx/sites-enabled/default_symfony:13
2018/12/16 07:31:25 [emerg] 1#1: host not found in upstream "php" in /etc/nginx/sites-enabled/default_symfony:13
2018/12/16 07:32:26 [emerg] 1#1: host not found in upstream "php" in /etc/nginx/sites-enabled/default_symfony:13
2018/12/16 07:33:27 [emerg] 1#1: host not found in upstream "php" in /etc/nginx/sites-enabled/default_symfony:13
2018/12/16 07:34:28 [emerg] 1#1: host not found in upstream "php" in /etc/nginx/sites-enabled/default_symfony:13
2018/12/16 07:35:28 [emerg] 1#1: host not found in upstream "php" in /etc/nginx/sites-enabled/default_symfony:13
2018/12/16 07:36:29 [emerg] 1#1: host not found in upstream "php" in /etc/nginx/sites-enabled/default_symfony:13
2018/12/16 07:37:30 [emerg] 1#1: host not found in upstream "php" in /etc/nginx/sites-enabled/default_symfony:13
2018/12/16 07:38:31 [emerg] 1#1: host not found in upstream "php" in /etc/nginx/sites-enabled/default_symfony:13
2018/12/16 07:39:32 [emerg] 1#1: host not found in upstream "php" in /etc/nginx/sites-enabled/default_symfony:13
2018/12/16 07:40:33 [emerg] 1#1: host not found in upstream "php" in /etc/nginx/sites-enabled/default_symfony:13
2018/12/16 07:41:34 [emerg] 1#1: host not found in upstream "php" in /etc/nginx/sites-enabled/default_symfony:13
2018/12/16 07:42:34 [emerg] 1#1: host not found in upstream "php" in /etc/nginx/sites-enabled/default_symfony:13
2018/12/16 07:43:35 [emerg] 1#1: host not found in upstream "php" in /etc/nginx/sites-enabled/default_symfony:13
2018/12/16 07:44:36 [emerg] 1#1: host not found in upstream "php" in /etc/nginx/sites-enabled/default_symfony:13
2018/12/16 07:45:37 [emerg] 1#1: host not found in upstream "php" in /etc/nginx/sites-enabled/default_symfony:13
2018/12/16 07:46:38 [emerg] 1#1: host not found in upstream "php" in /etc/nginx/sites-enabled/default_symfony:13
2018/12/16 07:47:38 [emerg] 1#1: host not found in upstream "php" in /etc/nginx/sites-enabled/default_symfony:13
2018/12/16 07:48:39 [emerg] 1#1: host not found in upstream "php" in /etc/nginx/sites-enabled/default_symfony:13
2018/12/16 07:49:40 [emerg] 1#1: host not found in upstream "php" in /etc/nginx/sites-enabled/default_symfony:13
2018/12/16 07:50:41 [emerg] 1#1: host not found in upstream "php" in /etc/nginx/sites-enabled/default_symfony:13
2018/12/16 07:51:42 [emerg] 1#1: host not found in upstream "php" in /etc/nginx/sites-enabled/default_symfony:13
2018/12/16 07:52:42 [emerg] 1#1: host not found in upstream "php" in /etc/nginx/sites-enabled/default_symfony:13
2018/12/16 07:53:43 [emerg] 1#1: host not found in upstream "php" in /etc/nginx/sites-enabled/default_symfony:13
2018/12/16 07:54:44 [emerg] 1#1: host not found in upstream "php" in /etc/nginx/sites-enabled/default_symfony:13
2018/12/16 07:55:45 [emerg] 1#1: host not found in upstream "php" in /etc/nginx/sites-enabled/default_symfony:13
2018/12/16 07:56:45 [emerg] 1#1: host not found in upstream "php" in /etc/nginx/sites-enabled/default_symfony:13
2018/12/16 07:57:46 [emerg] 1#1: host not found in upstream "php" in /etc/nginx/sites-enabled/default_symfony:13
2018/12/16 07:58:47 [emerg] 1#1: host not found in upstream "php" in /etc/nginx/sites-enabled/default_symfony:13
2018/12/16 07:59:48 [emerg] 1#1: host not found in upstream "php" in /etc/nginx/sites-enabled/default_symfony:13
2018/12/16 08:00:49 [emerg] 1#1: host not found in upstream "php" in /etc/nginx/sites-enabled/default_symfony:13
2018/12/16 08:01:49 [emerg] 1#1: host not found in upstream "php" in /etc/nginx/sites-enabled/default_symfony:13
2018/12/16 08:02:50 [emerg] 1#1: host not found in upstream "php" in /etc/nginx/sites-enabled/default_symfony:13
2018/12/16 08:03:51 [emerg] 1#1: host not found in upstream "php" in /etc/nginx/sites-enabled/default_symfony:13
2018/12/16 08:04:52 [emerg] 1#1: host not found in upstream "php" in /etc/nginx/sites-enabled/default_symfony:13
2018/12/16 08:05:53 [emerg] 1#1: host not found in upstream "php" in /etc/nginx/sites-enabled/default_symfony:13
2018/12/16 08:06:53 [emerg] 1#1: host not found in upstream "php" in /etc/nginx/sites-enabled/default_symfony:13
2018/12/16 08:07:54 [emerg] 1#1: host not found in upstream "php" in /etc/nginx/sites-enabled/default_symfony:13
2018/12/16 08:08:55 [emerg] 1#1: host not found in upstream "php" in /etc/nginx/sites-enabled/default_symfony:13
2018/12/16 08:09:56 [emerg] 1#1: host not found in upstream "php" in /etc/nginx/sites-enabled/default_symfony:13
2018/12/16 08:10:57 [emerg] 1#1: host not found in upstream "php" in /etc/nginx/sites-enabled/default_symfony:13
2018/12/16 08:11:57 [emerg] 1#1: host not found in upstream "php" in /etc/nginx/sites-enabled/default_symfony:13
2018/12/16 08:12:58 [emerg] 1#1: host not found in upstream "php" in /etc/nginx/sites-enabled/default_symfony:13
2018/12/16 08:13:59 [emerg] 1#1: host not found in upstream "php" in /etc/nginx/sites-enabled/default_symfony:13
2018/12/16 08:15:00 [emerg] 1#1: host not found in upstream "php" in /etc/nginx/sites-enabled/default_symfony:13
2018/12/16 08:16:00 [emerg] 1#1: host not found in upstream "php" in /etc/nginx/sites-enabled/default_symfony:13
2018/12/16 08:17:01 [emerg] 1#1: host not found in upstream "php" in /etc/nginx/sites-enabled/default_symfony:13
2018/12/16 08:18:02 [emerg] 1#1: host not found in upstream "php" in /etc/nginx/sites-enabled/default_symfony:13
2018/12/16 08:19:03 [emerg] 1#1: host not found in upstream "php" in /etc/nginx/sites-enabled/default_symfony:13
2018/12/16 08:20:04 [emerg] 1#1: host not found in upstream "php" in /etc/nginx/sites-enabled/default_symfony:13
2018/12/16 08:21:04 [emerg] 1#1: host not found in upstream "php" in /etc/nginx/sites-enabled/default_symfony:13
2018/12/16 08:22:05 [emerg] 1#1: host not found in upstream "php" in /etc/nginx/sites-enabled/default_symfony:13
2018/12/16 08:23:06 [emerg] 1#1: host not found in upstream "php" in /etc/nginx/sites-enabled/default_symfony:13
2018/12/16 08:24:07 [emerg] 1#1: host not found in upstream "php" in /etc/nginx/sites-enabled/default_symfony:13
2018/12/16 08:25:07 [emerg] 1#1: host not found in upstream "php" in /etc/nginx/sites-enabled/default_symfony:13
2018/12/16 08:26:08 [emerg] 1#1: host not found in upstream "php" in /etc/nginx/sites-enabled/default_symfony:13
2018/12/16 08:27:09 [emerg] 1#1: host not found in upstream "php" in /etc/nginx/sites-enabled/default_symfony:13
2018/12/16 08:28:10 [emerg] 1#1: host not found in upstream "php" in /etc/nginx/sites-enabled/default_symfony:13
2018/12/16 08:29:11 [emerg] 1#1: host not found in upstream "php" in /etc/nginx/sites-enabled/default_symfony:13
2018/12/16 08:30:11 [emerg] 1#1: host not found in upstream "php" in /etc/nginx/sites-enabled/default_symfony:13
2018/12/16 08:31:12 [emerg] 1#1: host not found in upstream "php" in /etc/nginx/sites-enabled/default_symfony:13
2018/12/16 08:32:13 [emerg] 1#1: host not found in upstream "php" in /etc/nginx/sites-enabled/default_symfony:13
2018/12/16 08:33:14 [emerg] 1#1: host not found in upstream "php" in /etc/nginx/sites-enabled/default_symfony:13
2018/12/16 08:34:14 [emerg] 1#1: host not found in upstream "php" in /etc/nginx/sites-enabled/default_symfony:13
2018/12/16 08:35:15 [emerg] 1#1: host not found in upstream "php" in /etc/nginx/sites-enabled/default_symfony:13
2018/12/16 08:36:16 [emerg] 1#1: host not found in upstream "php" in /etc/nginx/sites-enabled/default_symfony:13
2018/12/16 08:37:17 [emerg] 1#1: host not found in upstream "php" in /etc/nginx/sites-enabled/default_symfony:13
2018/12/16 08:38:18 [emerg] 1#1: host not found in upstream "php" in /etc/nginx/sites-enabled/default_symfony:13
2018/12/16 08:39:18 [emerg] 1#1: host not found in upstream "php" in /etc/nginx/sites-enabled/default_symfony:13
2018/12/16 08:40:19 [emerg] 1#1: host not found in upstream "php" in /etc/nginx/sites-enabled/default_symfony:13
2018/12/16 08:41:20 [emerg] 1#1: host not found in upstream "php" in /etc/nginx/sites-enabled/default_symfony:13
2018/12/16 08:42:21 [emerg] 1#1: host not found in upstream "php" in /etc/nginx/sites-enabled/default_symfony:13
2018/12/16 08:43:22 [emerg] 1#1: host not found in upstream "php" in /etc/nginx/sites-enabled/default_symfony:13
2018/12/16 08:44:22 [emerg] 1#1: host not found in upstream "php" in /etc/nginx/sites-enabled/default_symfony:13
2018/12/16 08:45:23 [emerg] 1#1: host not found in upstream "php" in /etc/nginx/sites-enabled/default_symfony:13
2018/12/16 08:46:24 [emerg] 1#1: host not found in upstream "php" in /etc/nginx/sites-enabled/default_symfony:13
2018/12/16 08:47:25 [emerg] 1#1: host not found in upstream "php" in /etc/nginx/sites-enabled/default_symfony:13
2018/12/16 08:48:25 [emerg] 1#1: host not found in upstream "php" in /etc/nginx/sites-enabled/default_symfony:13
2018/12/16 08:49:26 [emerg] 1#1: host not found in upstream "php" in /etc/nginx/sites-enabled/default_symfony:13
2018/12/16 08:50:27 [emerg] 1#1: host not found in upstream "php" in /etc/nginx/sites-enabled/default_symfony:13
2018/12/16 08:51:28 [emerg] 1#1: host not found in upstream "php" in /etc/nginx/sites-enabled/default_symfony:13
2018/12/16 08:52:29 [emerg] 1#1: host not found in upstream "php" in /etc/nginx/sites-enabled/default_symfony:13
2018/12/16 08:53:29 [emerg] 1#1: host not found in upstream "php" in /etc/nginx/sites-enabled/default_symfony:13
2018/12/16 08:54:30 [emerg] 1#1: host not found in upstream "php" in /etc/nginx/sites-enabled/default_symfony:13
2018/12/16 08:55:31 [emerg] 1#1: host not found in upstream "php" in /etc/nginx/sites-enabled/default_symfony:13
2018/12/16 08:56:32 [emerg] 1#1: host not found in upstream "php" in /etc/nginx/sites-enabled/default_symfony:13
2018/12/16 08:57:32 [emerg] 1#1: host not found in upstream "php" in /etc/nginx/sites-enabled/default_symfony:13
2018/12/16 08:58:33 [emerg] 1#1: host not found in upstream "php" in /etc/nginx/sites-enabled/default_symfony:13
2018/12/16 08:59:34 [emerg] 1#1: host not found in upstream "php" in /etc/nginx/sites-enabled/default_symfony:13
2018/12/16 09:00:35 [emerg] 1#1: host not found in upstream "php" in /etc/nginx/sites-enabled/default_symfony:13
2018/12/16 09:01:36 [emerg] 1#1: host not found in upstream "php" in /etc/nginx/sites-enabled/default_symfony:13
2018/12/16 09:02:36 [emerg] 1#1: host not found in upstream "php" in /etc/nginx/sites-enabled/default_symfony:13
2018/12/16 09:03:37 [emerg] 1#1: host not found in upstream "php" in /etc/nginx/sites-enabled/default_symfony:13
2018/12/16 09:04:38 [emerg] 1#1: host not found in upstream "php" in /etc/nginx/sites-enabled/default_symfony:13
2018/12/16 09:05:39 [emerg] 1#1: host not found in upstream "php" in /etc/nginx/sites-enabled/default_symfony:13
2018/12/16 09:06:39 [emerg] 1#1: host not found in upstream "php" in /etc/nginx/sites-enabled/default_symfony:13
2018/12/16 09:07:40 [emerg] 1#1: host not found in upstream "php" in /etc/nginx/sites-enabled/default_symfony:13
2018/12/16 09:08:41 [emerg] 1#1: host not found in upstream "php" in /etc/nginx/sites-enabled/default_symfony:13
2018/12/16 09:09:42 [emerg] 1#1: host not found in upstream "php" in /etc/nginx/sites-enabled/default_symfony:13
2018/12/16 09:10:42 [emerg] 1#1: host not found in upstream "php" in /etc/nginx/sites-enabled/default_symfony:13
2018/12/16 09:11:43 [emerg] 1#1: host not found in upstream "php" in /etc/nginx/sites-enabled/default_symfony:13
2018/12/16 09:12:44 [emerg] 1#1: host not found in upstream "php" in /etc/nginx/sites-enabled/default_symfony:13
2018/12/16 09:13:45 [emerg] 1#1: host not found in upstream "php" in /etc/nginx/sites-enabled/default_symfony:13
2018/12/16 09:14:45 [emerg] 1#1: host not found in upstream "php" in /etc/nginx/sites-enabled/default_symfony:13
2018/12/16 09:15:46 [emerg] 1#1: host not found in upstream "php" in /etc/nginx/sites-enabled/default_symfony:13
2018/12/16 09:16:47 [emerg] 1#1: host not found in upstream "php" in /etc/nginx/sites-enabled/default_symfony:13
2018/12/16 09:17:48 [emerg] 1#1: host not found in upstream "php" in /etc/nginx/sites-enabled/default_symfony:13
2018/12/16 09:18:49 [emerg] 1#1: host not found in upstream "php" in /etc/nginx/sites-enabled/default_symfony:13
2018/12/16 09:19:49 [emerg] 1#1: host not found in upstream "php" in /etc/nginx/sites-enabled/default_symfony:13
2018/12/16 09:20:50 [emerg] 1#1: host not found in upstream "php" in /etc/nginx/sites-enabled/default_symfony:13
2018/12/16 09:21:51 [emerg] 1#1: host not found in upstream "php" in /etc/nginx/sites-enabled/default_symfony:13
2018/12/16 09:22:52 [emerg] 1#1: host not found in upstream "php" in /etc/nginx/sites-enabled/default_symfony:13
2018/12/16 09:23:53 [emerg] 1#1: host not found in upstream "php" in /etc/nginx/sites-enabled/default_symfony:13
2018/12/16 09:24:53 [emerg] 1#1: host not found in upstream "php" in /etc/nginx/sites-enabled/default_symfony:13
2018/12/16 09:25:54 [emerg] 1#1: host not found in upstream "php" in /etc/nginx/sites-enabled/default_symfony:13
2018/12/16 09:26:55 [emerg] 1#1: host not found in upstream "php" in /etc/nginx/sites-enabled/default_symfony:13
2018/12/16 09:27:56 [emerg] 1#1: host not found in upstream "php" in /etc/nginx/sites-enabled/default_symfony:13
2018/12/16 09:28:56 [emerg] 1#1: host not found in upstream "php" in /etc/nginx/sites-enabled/default_symfony:13
2018/12/16 09:29:57 [emerg] 1#1: host not found in upstream "php" in /etc/nginx/sites-enabled/default_symfony:13
2018/12/16 09:30:58 [emerg] 1#1: host not found in upstream "php" in /etc/nginx/sites-enabled/default_symfony:13
2018/12/16 09:31:59 [emerg] 1#1: host not found in upstream "php" in /etc/nginx/sites-enabled/default_symfony:13
2018/12/16 09:32:59 [emerg] 1#1: host not found in upstream "php" in /etc/nginx/sites-enabled/default_symfony:13
2018/12/16 09:34:00 [emerg] 1#1: host not found in upstream "php" in /etc/nginx/sites-enabled/default_symfony:13
2018/12/16 09:35:01 [emerg] 1#1: host not found in upstream "php" in /etc/nginx/sites-enabled/default_symfony:13
2018/12/16 09:36:02 [emerg] 1#1: host not found in upstream "php" in /etc/nginx/sites-enabled/default_symfony:13
2018/12/16 09:37:03 [emerg] 1#1: host not found in upstream "php" in /etc/nginx/sites-enabled/default_symfony:13
2018/12/16 09:38:03 [emerg] 1#1: host not found in upstream "php" in /etc/nginx/sites-enabled/default_symfony:13
2018/12/16 09:39:04 [emerg] 1#1: host not found in upstream "php" in /etc/nginx/sites-enabled/default_symfony:13
2018/12/16 09:40:05 [emerg] 1#1: host not found in upstream "php" in /etc/nginx/sites-enabled/default_symfony:13
2018/12/16 09:41:06 [emerg] 1#1: host not found in upstream "php" in /etc/nginx/sites-enabled/default_symfony:13
2018/12/16 09:42:06 [emerg] 1#1: host not found in upstream "php" in /etc/nginx/sites-enabled/default_symfony:13
2018/12/16 09:43:07 [emerg] 1#1: host not found in upstream "php" in /etc/nginx/sites-enabled/default_symfony:13
2018/12/16 09:44:08 [emerg] 1#1: host not found in upstream "php" in /etc/nginx/sites-enabled/default_symfony:13
2018/12/16 09:45:09 [emerg] 1#1: host not found in upstream "php" in /etc/nginx/sites-enabled/default_symfony:13
2018/12/16 09:46:10 [emerg] 1#1: host not found in upstream "php" in /etc/nginx/sites-enabled/default_symfony:13
2018/12/16 09:47:10 [emerg] 1#1: host not found in upstream "php" in /etc/nginx/sites-enabled/default_symfony:13
2018/12/16 09:48:11 [emerg] 1#1: host not found in upstream "php" in /etc/nginx/sites-enabled/default_symfony:13
2018/12/16 09:49:12 [emerg] 1#1: host not found in upstream "php" in /etc/nginx/sites-enabled/default_symfony:13
2018/12/16 09:50:13 [emerg] 1#1: host not found in upstream "php" in /etc/nginx/sites-enabled/default_symfony:13
2018/12/16 09:51:13 [emerg] 1#1: host not found in upstream "php" in /etc/nginx/sites-enabled/default_symfony:13
2018/12/16 09:52:14 [emerg] 1#1: host not found in upstream "php" in /etc/nginx/sites-enabled/default_symfony:13
2018/12/16 09:53:15 [emerg] 1#1: host not found in upstream "php" in /etc/nginx/sites-enabled/default_symfony:13
2018/12/16 09:54:16 [emerg] 1#1: host not found in upstream "php" in /etc/nginx/sites-enabled/default_symfony:13
2018/12/16 09:55:17 [emerg] 1#1: host not found in upstream "php" in /etc/nginx/sites-enabled/default_symfony:13
2018/12/16 09:56:17 [emerg] 1#1: host not found in upstream "php" in /etc/nginx/sites-enabled/default_symfony:13
2018/12/16 09:57:18 [emerg] 1#1: host not found in upstream "php" in /etc/nginx/sites-enabled/default_symfony:13
2018/12/16 09:58:19 [emerg] 1#1: host not found in upstream "php" in /etc/nginx/sites-enabled/default_symfony:13
2018/12/16 09:59:20 [emerg] 1#1: host not found in upstream "php" in /etc/nginx/sites-enabled/default_symfony:13
2018/12/16 10:00:21 [emerg] 1#1: host not found in upstream "php" in /etc/nginx/sites-enabled/default_symfony:13
2018/12/16 10:01:22 [emerg] 1#1: host not found in upstream "php" in /etc/nginx/sites-enabled/default_symfony:13
2018/12/16 16:12:02 [emerg] 1#1: host not found in upstream "php" in /etc/nginx/sites-enabled/default_symfony:13
2018/12/16 16:12:05 [emerg] 1#1: host not found in upstream "php" in /etc/nginx/sites-enabled/default_symfony:13
2018/12/16 16:12:07 [emerg] 1#1: host not found in upstream "php" in /etc/nginx/sites-enabled/default_symfony:13
2018/12/16 16:12:11 [emerg] 1#1: host not found in upstream "php" in /etc/nginx/sites-enabled/default_symfony:13
2018/12/16 16:12:18 [emerg] 1#1: host not found in upstream "php" in /etc/nginx/sites-enabled/default_symfony:13
2018/12/16 16:12:23 [emerg] 1#1: host not found in upstream "php" in /etc/nginx/sites-enabled/default_symfony:13
2018/12/16 16:12:29 [emerg] 1#1: host not found in upstream "php" in /etc/nginx/sites-enabled/default_symfony:13
2018/12/16 16:12:37 [emerg] 1#1: host not found in upstream "php" in /etc/nginx/sites-enabled/default_symfony:13
2018/12/16 16:12:51 [emerg] 1#1: host not found in upstream "php" in /etc/nginx/sites-enabled/default_symfony:13
2018/12/16 16:13:18 [emerg] 1#1: host not found in upstream "php" in /etc/nginx/sites-enabled/default_symfony:13
2018/12/19 03:23:41 [emerg] 1#1: host not found in upstream "php" in /etc/nginx/sites-enabled/default_symfony:13
2018/12/19 03:23:43 [emerg] 1#1: host not found in upstream "php" in /etc/nginx/sites-enabled/default_symfony:13
2018/12/19 03:23:46 [emerg] 1#1: host not found in upstream "php" in /etc/nginx/sites-enabled/default_symfony:13
2018/12/19 03:23:48 [emerg] 1#1: host not found in upstream "php" in /etc/nginx/sites-enabled/default_symfony:13
2018/12/19 03:23:51 [emerg] 1#1: host not found in upstream "php" in /etc/nginx/sites-enabled/default_symfony:13
2018/12/19 03:23:53 [emerg] 1#1: host not found in upstream "php" in /etc/nginx/sites-enabled/default_symfony:13
2018/12/19 03:23:57 [emerg] 1#1: host not found in upstream "php" in /etc/nginx/sites-enabled/default_symfony:13
2018/12/19 03:24:05 [emerg] 1#1: host not found in upstream "php" in /etc/nginx/sites-enabled/default_symfony:13
2018/12/19 03:24:18 [emerg] 1#1: host not found in upstream "php" in /etc/nginx/sites-enabled/default_symfony:13
2018/12/19 03:24:45 [emerg] 1#1: host not found in upstream "php" in /etc/nginx/sites-enabled/default_symfony:13
2018/12/19 03:25:37 [emerg] 1#1: host not found in upstream "php" in /etc/nginx/sites-enabled/default_symfony:13
2018/12/19 19:08:58 [emerg] 1#1: host not found in upstream "php" in /etc/nginx/sites-enabled/default_symfony:13
2018/12/19 19:09:01 [emerg] 1#1: host not found in upstream "php" in /etc/nginx/sites-enabled/default_symfony:13
2018/12/19 19:09:03 [emerg] 1#1: host not found in upstream "php" in /etc/nginx/sites-enabled/default_symfony:13
2018/12/19 19:09:06 [emerg] 1#1: host not found in upstream "php" in /etc/nginx/sites-enabled/default_symfony:13
2018/12/19 19:09:09 [emerg] 1#1: host not found in upstream "php" in /etc/nginx/sites-enabled/default_symfony:13
2018/12/19 19:09:13 [emerg] 1#1: host not found in upstream "php" in /etc/nginx/sites-enabled/default_symfony:13
2018/12/19 19:09:21 [emerg] 1#1: host not found in upstream "php" in /etc/nginx/sites-enabled/default_symfony:13
2018/12/19 19:09:30 [emerg] 1#1: host not found in upstream "php" in /etc/nginx/sites-enabled/default_symfony:13
2018/12/19 19:09:44 [emerg] 1#1: host not found in upstream "php" in /etc/nginx/sites-enabled/default_symfony:13
2018/12/19 19:10:10 [emerg] 1#1: host not found in upstream "php" in /etc/nginx/sites-enabled/default_symfony:13
2018/12/19 19:11:03 [emerg] 1#1: host not found in upstream "php" in /etc/nginx/sites-enabled/default_symfony:13
2018/12/19 19:12:03 [emerg] 1#1: host not found in upstream "php" in /etc/nginx/sites-enabled/default_symfony:13
2018/12/19 19:13:04 [emerg] 1#1: host not found in upstream "php" in /etc/nginx/sites-enabled/default_symfony:13
2018/12/19 19:14:06 [emerg] 1#1: host not found in upstream "php" in /etc/nginx/sites-enabled/default_symfony:13
2018/12/19 19:15:07 [emerg] 1#1: host not found in upstream "php" in /etc/nginx/sites-enabled/default_symfony:13
2018/12/19 19:16:08 [emerg] 1#1: host not found in upstream "php" in /etc/nginx/sites-enabled/default_symfony:13
2018/12/19 19:17:09 [emerg] 1#1: host not found in upstream "php" in /etc/nginx/sites-enabled/default_symfony:13
2018/12/19 19:18:10 [emerg] 1#1: host not found in upstream "php" in /etc/nginx/sites-enabled/default_symfony:13
2018/12/19 19:19:10 [emerg] 1#1: host not found in upstream "php" in /etc/nginx/sites-enabled/default_symfony:13
2018/12/19 19:20:11 [emerg] 1#1: host not found in upstream "php" in /etc/nginx/sites-enabled/default_symfony:13
2018/12/19 19:21:12 [emerg] 1#1: host not found in upstream "php" in /etc/nginx/sites-enabled/default_symfony:13
2018/12/19 19:22:13 [emerg] 1#1: host not found in upstream "php" in /etc/nginx/sites-enabled/default_symfony:13
2018/12/19 19:23:14 [emerg] 1#1: host not found in upstream "php" in /etc/nginx/sites-enabled/default_symfony:13
2018/12/19 19:24:14 [emerg] 1#1: host not found in upstream "php" in /etc/nginx/sites-enabled/default_symfony:13
2018/12/19 19:25:15 [emerg] 1#1: host not found in upstream "php" in /etc/nginx/sites-enabled/default_symfony:13
2018/12/19 19:26:16 [emerg] 1#1: host not found in upstream "php" in /etc/nginx/sites-enabled/default_symfony:13
2018/12/19 19:27:17 [emerg] 1#1: host not found in upstream "php" in /etc/nginx/sites-enabled/default_symfony:13
2018/12/19 19:28:18 [emerg] 1#1: host not found in upstream "php" in /etc/nginx/sites-enabled/default_symfony:13
2018/12/19 19:29:19 [emerg] 1#1: host not found in upstream "php" in /etc/nginx/sites-enabled/default_symfony:13
2018/12/19 19:30:19 [emerg] 1#1: host not found in upstream "php" in /etc/nginx/sites-enabled/default_symfony:13
2018/12/19 19:31:20 [emerg] 1#1: host not found in upstream "php" in /etc/nginx/sites-enabled/default_symfony:13
2018/12/19 19:32:21 [emerg] 1#1: host not found in upstream "php" in /etc/nginx/sites-enabled/default_symfony:13
2018/12/19 19:33:22 [emerg] 1#1: host not found in upstream "php" in /etc/nginx/sites-enabled/default_symfony:13
2018/12/19 19:34:23 [emerg] 1#1: host not found in upstream "php" in /etc/nginx/sites-enabled/default_symfony:13
2018/12/19 19:35:25 [emerg] 1#1: host not found in upstream "php" in /etc/nginx/sites-enabled/default_symfony:13
2018/12/19 19:36:26 [emerg] 1#1: host not found in upstream "php" in /etc/nginx/sites-enabled/default_symfony:13
2018/12/19 19:37:27 [emerg] 1#1: host not found in upstream "php" in /etc/nginx/sites-enabled/default_symfony:13
2018/12/19 19:38:28 [emerg] 1#1: host not found in upstream "php" in /etc/nginx/sites-enabled/default_symfony:13
2018/12/19 19:39:29 [emerg] 1#1: host not found in upstream "php" in /etc/nginx/sites-enabled/default_symfony:13
2018/12/19 19:40:30 [emerg] 1#1: host not found in upstream "php" in /etc/nginx/sites-enabled/default_symfony:13
2018/12/19 19:41:30 [emerg] 1#1: host not found in upstream "php" in /etc/nginx/sites-enabled/default_symfony:13
2018/12/19 19:42:31 [emerg] 1#1: host not found in upstream "php" in /etc/nginx/sites-enabled/default_symfony:13
2018/12/19 19:43:32 [emerg] 1#1: host not found in upstream "php" in /etc/nginx/sites-enabled/default_symfony:13
2018/12/19 19:44:33 [emerg] 1#1: host not found in upstream "php" in /etc/nginx/sites-enabled/default_symfony:13
2018/12/19 19:45:34 [emerg] 1#1: host not found in upstream "php" in /etc/nginx/sites-enabled/default_symfony:13
2018/12/19 19:46:34 [emerg] 1#1: host not found in upstream "php" in /etc/nginx/sites-enabled/default_symfony:13
2018/12/19 19:47:35 [emerg] 1#1: host not found in upstream "php" in /etc/nginx/sites-enabled/default_symfony:13
2018/12/19 19:48:36 [emerg] 1#1: host not found in upstream "php" in /etc/nginx/sites-enabled/default_symfony:13
2018/12/19 19:49:37 [emerg] 1#1: host not found in upstream "php" in /etc/nginx/sites-enabled/default_symfony:13
2018/12/19 19:50:38 [emerg] 1#1: host not found in upstream "php" in /etc/nginx/sites-enabled/default_symfony:13
2018/12/19 19:51:39 [emerg] 1#1: host not found in upstream "php" in /etc/nginx/sites-enabled/default_symfony:13
2018/12/19 19:52:40 [emerg] 1#1: host not found in upstream "php" in /etc/nginx/sites-enabled/default_symfony:13
2018/12/19 19:53:41 [emerg] 1#1: host not found in upstream "php" in /etc/nginx/sites-enabled/default_symfony:13
2018/12/19 19:54:42 [emerg] 1#1: host not found in upstream "php" in /etc/nginx/sites-enabled/default_symfony:13
2018/12/19 19:55:42 [emerg] 1#1: host not found in upstream "php" in /etc/nginx/sites-enabled/default_symfony:13
2018/12/19 19:56:43 [emerg] 1#1: host not found in upstream "php" in /etc/nginx/sites-enabled/default_symfony:13
2018/12/19 19:57:44 [emerg] 1#1: host not found in upstream "php" in /etc/nginx/sites-enabled/default_symfony:13
2018/12/19 19:58:45 [emerg] 1#1: host not found in upstream "php" in /etc/nginx/sites-enabled/default_symfony:13
2018/12/19 19:59:46 [emerg] 1#1: host not found in upstream "php" in /etc/nginx/sites-enabled/default_symfony:13
2018/12/19 20:00:47 [emerg] 1#1: host not found in upstream "php" in /etc/nginx/sites-enabled/default_symfony:13
2018/12/19 20:01:48 [emerg] 1#1: host not found in upstream "php" in /etc/nginx/sites-enabled/default_symfony:13
2018/12/19 20:02:49 [emerg] 1#1: host not found in upstream "php" in /etc/nginx/sites-enabled/default_symfony:13
2018/12/19 20:03:50 [emerg] 1#1: host not found in upstream "php" in /etc/nginx/sites-enabled/default_symfony:13
2018/12/19 20:04:51 [emerg] 1#1: host not found in upstream "php" in /etc/nginx/sites-enabled/default_symfony:13
2018/12/19 20:05:51 [emerg] 1#1: host not found in upstream "php" in /etc/nginx/sites-enabled/default_symfony:13
2018/12/19 20:06:52 [emerg] 1#1: host not found in upstream "php" in /etc/nginx/sites-enabled/default_symfony:13
2018/12/19 20:07:53 [emerg] 1#1: host not found in upstream "php" in /etc/nginx/sites-enabled/default_symfony:13
2018/12/19 20:08:54 [emerg] 1#1: host not found in upstream "php" in /etc/nginx/sites-enabled/default_symfony:13
2018/12/20 06:47:10 [emerg] 1#1: host not found in upstream "php" in /etc/nginx/sites-enabled/default_symfony:13
2018/12/20 06:47:14 [emerg] 1#1: host not found in upstream "php" in /etc/nginx/sites-enabled/default_symfony:13
2018/12/20 06:47:17 [emerg] 1#1: host not found in upstream "php" in /etc/nginx/sites-enabled/default_symfony:13
2018/12/20 06:47:19 [emerg] 1#1: host not found in upstream "php" in /etc/nginx/sites-enabled/default_symfony:13
2018/12/20 06:47:21 [emerg] 1#1: host not found in upstream "php" in /etc/nginx/sites-enabled/default_symfony:13
2018/12/20 06:47:24 [emerg] 1#1: host not found in upstream "php" in /etc/nginx/sites-enabled/default_symfony:13
2018/12/20 06:47:28 [emerg] 1#1: host not found in upstream "php" in /etc/nginx/sites-enabled/default_symfony:13
2018/12/20 06:47:35 [emerg] 1#1: host not found in upstream "php" in /etc/nginx/sites-enabled/default_symfony:13
2018/12/20 06:47:49 [emerg] 1#1: host not found in upstream "php" in /etc/nginx/sites-enabled/default_symfony:13
2018/12/20 06:48:16 [emerg] 1#1: host not found in upstream "php" in /etc/nginx/sites-enabled/default_symfony:13
