[15-Dec-2018 13:49:11] NOTICE: fpm is running, pid 1
[15-Dec-2018 13:49:11] NOTICE: ready to handle connections
[15-Dec-2018 13:49:11] NOTICE: systemd monitor interval set to 10000ms
[15-Dec-2018 14:09:44] NOTICE: fpm is running, pid 1
[15-Dec-2018 14:09:44] NOTICE: ready to handle connections
[15-Dec-2018 14:09:44] NOTICE: systemd monitor interval set to 10000ms
[15-Dec-2018 15:32:46] NOTICE: Terminating ...
[15-Dec-2018 15:32:46] NOTICE: exiting, bye-bye!
[15-Dec-2018 15:36:05] NOTICE: fpm is running, pid 1
[15-Dec-2018 15:36:05] NOTICE: ready to handle connections
[15-Dec-2018 15:36:05] NOTICE: systemd monitor interval set to 10000ms
[16-Dec-2018 10:02:01] NOTICE: fpm is running, pid 1
[16-Dec-2018 10:02:01] NOTICE: ready to handle connections
[16-Dec-2018 10:02:01] NOTICE: systemd monitor interval set to 10000ms
[16-Dec-2018 10:02:13] NOTICE: Terminating ...
[16-Dec-2018 10:02:13] NOTICE: exiting, bye-bye!
[16-Dec-2018 10:02:24] NOTICE: fpm is running, pid 1
[16-Dec-2018 10:02:24] NOTICE: ready to handle connections
[16-Dec-2018 10:02:24] NOTICE: systemd monitor interval set to 10000ms
[16-Dec-2018 16:15:36] NOTICE: fpm is running, pid 1
[16-Dec-2018 16:15:36] NOTICE: ready to handle connections
[16-Dec-2018 16:15:36] NOTICE: systemd monitor interval set to 10000ms
[16-Dec-2018 16:16:06] NOTICE: fpm is running, pid 1
[16-Dec-2018 16:16:06] NOTICE: ready to handle connections
[16-Dec-2018 16:16:06] NOTICE: systemd monitor interval set to 10000ms
[16-Dec-2018 17:56:06] NOTICE: Terminating ...
[16-Dec-2018 17:56:06] NOTICE: exiting, bye-bye!
[17-Dec-2018 03:14:26] NOTICE: fpm is running, pid 1
[17-Dec-2018 03:14:26] NOTICE: ready to handle connections
[17-Dec-2018 03:14:26] NOTICE: systemd monitor interval set to 10000ms
[17-Dec-2018 15:32:40] NOTICE: fpm is running, pid 1
[17-Dec-2018 15:32:40] NOTICE: ready to handle connections
[17-Dec-2018 15:32:40] NOTICE: systemd monitor interval set to 10000ms
[17-Dec-2018 16:49:33] NOTICE: Terminating ...
[17-Dec-2018 16:49:33] NOTICE: exiting, bye-bye!
[18-Dec-2018 03:16:20] NOTICE: fpm is running, pid 1
[18-Dec-2018 03:16:20] NOTICE: ready to handle connections
[18-Dec-2018 03:16:20] NOTICE: systemd monitor interval set to 10000ms
[18-Dec-2018 19:43:10] NOTICE: Terminating ...
[18-Dec-2018 19:43:10] NOTICE: exiting, bye-bye!
[19-Dec-2018 03:26:00] NOTICE: fpm is running, pid 1
[19-Dec-2018 03:26:00] NOTICE: ready to handle connections
[19-Dec-2018 03:26:01] NOTICE: systemd monitor interval set to 10000ms
[19-Dec-2018 20:09:40] NOTICE: fpm is running, pid 1
[19-Dec-2018 20:09:40] NOTICE: ready to handle connections
[19-Dec-2018 20:09:40] NOTICE: systemd monitor interval set to 10000ms
[19-Dec-2018 20:10:54] NOTICE: Terminating ...
[19-Dec-2018 20:10:54] NOTICE: exiting, bye-bye!
[19-Dec-2018 20:11:00] NOTICE: fpm is running, pid 1
[19-Dec-2018 20:11:00] NOTICE: ready to handle connections
[19-Dec-2018 20:11:00] NOTICE: systemd monitor interval set to 10000ms
[19-Dec-2018 20:11:38] NOTICE: fpm is running, pid 1
[19-Dec-2018 20:11:38] NOTICE: ready to handle connections
[19-Dec-2018 20:11:38] NOTICE: systemd monitor interval set to 10000ms
[20-Dec-2018 04:44:51] NOTICE: Terminating ...
[20-Dec-2018 04:44:51] NOTICE: exiting, bye-bye!
[20-Dec-2018 06:48:23] NOTICE: fpm is running, pid 1
[20-Dec-2018 06:48:23] NOTICE: ready to handle connections
[20-Dec-2018 06:48:23] NOTICE: systemd monitor interval set to 10000ms
[20-Dec-2018 06:48:54] NOTICE: Terminating ...
[20-Dec-2018 06:48:54] NOTICE: exiting, bye-bye!
[20-Dec-2018 06:49:07] NOTICE: fpm is running, pid 1
[20-Dec-2018 06:49:07] NOTICE: ready to handle connections
[20-Dec-2018 06:49:07] NOTICE: systemd monitor interval set to 10000ms
[20-Dec-2018 13:09:46] NOTICE: fpm is running, pid 1
[20-Dec-2018 13:09:46] NOTICE: ready to handle connections
[20-Dec-2018 13:09:46] NOTICE: systemd monitor interval set to 10000ms
